2022-10-27 22:46:40,045 [INFO] Activator:177 - 


2022-10-27 22:46:40,061 [INFO] Activator:178 - !SESSION log4j initialized
2022-10-27 22:46:45,337 [INFO] McuFinderGlobals:44 - Set McuFinder mode to 2 (CubeIDE integrated)
2022-10-27 22:46:45,494 [INFO] ApplicationProperties:181 - Using Application install path: C:\ST\STM32CubeIDE_1.10.1\STM32CubeIDE\plugins\com.st.stm32cube.common.mx_6.6.1.202207061420
2022-10-27 22:46:45,510 [INFO] DbMcusXml:77 - Set database path to: C:\ST\STM32CubeIDE_1.10.1\STM32CubeIDE\plugins\com.st.stm32cube.common.mx_6.6.1.202207061420\\db\/mcu/
2022-10-27 22:46:45,510 [INFO] ApiDb:269 - Set plugin database path to: C:\ST\STM32CubeIDE_1.10.1\STM32CubeIDE\plugins\com.st.stm32cube.common.mx_6.6.1.202207061420\\db\/plugins/boardmanager/
2022-10-27 22:46:45,510 [WARN] ApiDb:254 - Overriding images path with different value:  => C:\ST\STM32CubeIDE_1.10.1\STM32CubeIDE\plugins\com.st.stm32cube.common.mx_6.6.1.202207061420\\db\/plugins/mcufinder/images/
2022-10-27 22:46:45,525 [INFO] ApiDb:249 - Set database path to: C:\Users\ViralPatel\.stmcufinder\plugins\mcufinder//mcu/
2022-10-27 22:46:45,541 [INFO] DbMcusAds:124 - Set database path to: C:\Users\ViralPatel\.stmcufinder\plugins\mcufinder//mcu/
2022-10-27 22:46:45,541 [INFO] CrossReferenceDbSqlite:201 - Set database path to: C:\Users\ViralPatel\.stmcufinder\plugins\mcufinder//mcu/cs/
2022-10-27 22:46:45,675 [INFO] RulesReader:61 - Compatibility file has been processed (282 Rules)
2022-10-27 22:46:45,761 [INFO] DbMcusXml:77 - Set database path to: C:\ST\STM32CubeIDE_1.10.1\STM32CubeIDE\plugins\com.st.stm32cube.common.mx_6.6.1.202207061420\\db\/mcu/
2022-10-27 22:46:45,761 [INFO] ApiDb:269 - Set plugin database path to: C:\ST\STM32CubeIDE_1.10.1\STM32CubeIDE\plugins\com.st.stm32cube.common.mx_6.6.1.202207061420\\db\/plugins/boardmanager/
2022-10-27 22:46:45,761 [INFO] ApiDb:256 - Set plugin images path to: C:\ST\STM32CubeIDE_1.10.1\STM32CubeIDE\plugins\com.st.stm32cube.common.mx_6.6.1.202207061420\\db\/plugins/mcufinder/images/
2022-10-27 22:46:45,761 [WARN] DbFile:40 - Overriding database path with different value: C:\Users\ViralPatel\.stmcufinder\plugins\mcufinder/ => C:\Users\ViralPatel\.stmcufinder\plugins\mcufinder
2022-10-27 22:46:45,761 [INFO] ApiDb:249 - Set database path to: C:\Users\ViralPatel\.stmcufinder\plugins\mcufinder//mcu/
2022-10-27 22:46:45,761 [WARN] DbFile:40 - Overriding database path with different value: C:\Users\ViralPatel\.stmcufinder\plugins\mcufinder/ => C:\Users\ViralPatel\.stmcufinder\plugins\mcufinder
2022-10-27 22:46:45,761 [INFO] DbMcusAds:124 - Set database path to: C:\Users\ViralPatel\.stmcufinder\plugins\mcufinder//mcu/
2022-10-27 22:46:45,761 [WARN] DbFile:40 - Overriding database path with different value: C:\Users\ViralPatel\.stmcufinder\plugins\mcufinder/ => C:\Users\ViralPatel\.stmcufinder\plugins\mcufinder
2022-10-27 22:46:45,761 [WARN] DbFile:40 - Overriding database path with different value: C:\Users\ViralPatel\.stmcufinder\plugins\mcufinder/ => C:\Users\ViralPatel\.stmcufinder\plugins\mcufinder
2022-10-27 22:46:45,761 [INFO] CrossReferenceDbSqlite:201 - Set database path to: C:\Users\ViralPatel\.stmcufinder\plugins\mcufinder//mcu/cs/
2022-10-27 22:46:45,870 [INFO] MainPanel:242 - HeapMemory: 268435456
2022-10-27 22:46:45,949 [INFO] DbMcusXml:77 - Set database path to: C:\ST\STM32CubeIDE_1.10.1\STM32CubeIDE\plugins\com.st.stm32cube.common.mx_6.6.1.202207061420\\db\/mcu/
2022-10-27 22:46:45,949 [INFO] ApiDb:269 - Set plugin database path to: C:\ST\STM32CubeIDE_1.10.1\STM32CubeIDE\plugins\com.st.stm32cube.common.mx_6.6.1.202207061420\\db\/plugins/boardmanager/
2022-10-27 22:46:45,949 [INFO] ApiDb:256 - Set plugin images path to: C:\ST\STM32CubeIDE_1.10.1\STM32CubeIDE\plugins\com.st.stm32cube.common.mx_6.6.1.202207061420\\db\/plugins/mcufinder/images/
2022-10-27 22:46:45,949 [WARN] DbFile:40 - Overriding database path with different value: C:\Users\ViralPatel\.stmcufinder\plugins\mcufinder/ => C:\Users\ViralPatel\.stmcufinder\plugins\mcufinder
2022-10-27 22:46:45,949 [INFO] ApiDb:249 - Set database path to: C:\Users\ViralPatel\.stmcufinder\plugins\mcufinder//mcu/
2022-10-27 22:46:45,949 [WARN] DbFile:40 - Overriding database path with different value: C:\Users\ViralPatel\.stmcufinder\plugins\mcufinder/ => C:\Users\ViralPatel\.stmcufinder\plugins\mcufinder
2022-10-27 22:46:45,949 [INFO] DbMcusAds:124 - Set database path to: C:\Users\ViralPatel\.stmcufinder\plugins\mcufinder//mcu/
2022-10-27 22:46:45,949 [WARN] DbFile:40 - Overriding database path with different value: C:\Users\ViralPatel\.stmcufinder\plugins\mcufinder/ => C:\Users\ViralPatel\.stmcufinder\plugins\mcufinder
2022-10-27 22:46:45,949 [WARN] DbFile:40 - Overriding database path with different value: C:\Users\ViralPatel\.stmcufinder\plugins\mcufinder/ => C:\Users\ViralPatel\.stmcufinder\plugins\mcufinder
2022-10-27 22:46:45,949 [INFO] CrossReferenceDbSqlite:201 - Set database path to: C:\Users\ViralPatel\.stmcufinder\plugins\mcufinder//mcu/cs/
2022-10-27 22:46:45,976 [INFO] ApplicationProperties:181 - Using Application install path: C:\ST\STM32CubeIDE_1.10.1\STM32CubeIDE\plugins\com.st.stm32cube.common.mx_6.6.1.202207061420
2022-10-27 22:46:45,981 [INFO] PluginManage:193 - Search for loadable plugins [exclusion list=, ]
2022-10-27 22:46:45,981 [INFO] PluginManage:307 - Check plugin analytics
2022-10-27 22:46:46,185 [INFO] AnalyticsPlugin:262 - Accepted Software Licenses: 
2022-10-27 22:46:46,185 [INFO] AnalyticsPlugin:264 - Accepted CMSIS Pack Licenses: 
2022-10-27 22:46:46,185 [INFO] AnalyticsPlugin:266 - Accepted Firmware Licenses: 
2022-10-27 22:46:46,200 [INFO] PluginManage:356 - Loaded plugin analytics (category:tool,tabindex:-1)
2022-10-27 22:46:46,200 [INFO] PluginManage:307 - Check plugin cadmodel
2022-10-27 22:46:46,200 [INFO] CADModel:65 - Init CAD model plugin
2022-10-27 22:46:46,200 [INFO] PluginManage:356 - Loaded plugin cadmodel (category:power,tabindex:5)
2022-10-27 22:46:46,200 [INFO] PluginManage:307 - Check plugin clock
2022-10-27 22:46:46,231 [INFO] PluginManage:356 - Loaded plugin clock (category:base,tabindex:2)
2022-10-27 22:46:46,231 [INFO] PluginManage:307 - Check plugin ddr
2022-10-27 22:46:46,231 [INFO] PluginManage:356 - Loaded plugin ddr (category:tool,tabindex:6)
2022-10-27 22:46:46,231 [INFO] PluginManage:307 - Check plugin filemanager
2022-10-27 22:46:46,451 [INFO] PluginManage:356 - Loaded plugin filemanager (category:base,tabindex:10)
2022-10-27 22:46:46,451 [INFO] PluginManage:307 - Check plugin ipmanager
2022-10-27 22:46:46,467 [INFO] PluginManage:356 - Loaded plugin ipmanager (category:base,tabindex:5)
2022-10-27 22:46:46,467 [INFO] PluginManage:307 - Check plugin lpbam
2022-10-27 22:46:46,483 [INFO] PluginManage:356 - Loaded plugin lpbam (category:base,tabindex:0)
2022-10-27 22:46:46,483 [INFO] PluginManage:307 - Check plugin pinoutandconfiguration
2022-10-27 22:46:46,483 [INFO] PluginManage:356 - Loaded plugin pinoutandconfiguration (category:base,tabindex:1)
2022-10-27 22:46:46,483 [INFO] PluginManage:307 - Check plugin pinoutconfig
2022-10-27 22:46:46,530 [INFO] PluginManage:356 - Loaded plugin pinoutconfig (category:base,tabindex:0)
2022-10-27 22:46:46,530 [INFO] PluginManage:307 - Check plugin power
2022-10-27 22:46:46,545 [INFO] PluginManage:356 - Loaded plugin power (category:power,tabindex:4)
2022-10-27 22:46:46,545 [INFO] PluginManage:307 - Check plugin projectmanager
2022-10-27 22:46:46,561 [INFO] PluginManage:356 - Loaded plugin projectmanager (category:projectmanager,tabindex:3)
2022-10-27 22:46:46,561 [INFO] PluginManage:307 - Check plugin thirdparty
2022-10-27 22:46:46,702 [WARN] IntegrityCheckThread:82 - waiting for thirdparty lock release [integrity check]
2022-10-27 22:46:46,718 [INFO] PluginManage:356 - Loaded plugin thirdparty (category:base,tabindex:-1)
2022-10-27 22:46:46,718 [INFO] IntegrityCheckThread:84 - entering critical section [integrity check]
2022-10-27 22:46:46,718 [INFO] PluginManage:307 - Check plugin tools
2022-10-27 22:46:46,718 [INFO] PluginManage:356 - Loaded plugin tools (category:base,tabindex:7)
2022-10-27 22:46:46,718 [INFO] ThirdPartyUpdaterWithRetryManager:70 - Updater plugin not ready yet. [1/15]
2022-10-27 22:46:46,718 [INFO] PluginManage:307 - Check plugin tutovideos
2022-10-27 22:46:46,969 [INFO] PluginManage:356 - Loaded plugin tutovideos (category:base,tabindex:-1)
2022-10-27 22:46:46,969 [INFO] PluginManage:307 - Check plugin updater
2022-10-27 22:46:46,985 [INFO] PluginManage:356 - Loaded plugin updater (category:base,tabindex:12)
2022-10-27 22:46:46,985 [INFO] PluginManage:280 - PluginManage : Loaded plugins [15]
2022-10-27 22:46:47,251 [INFO] PinOutPanel:1468 - setPackage(No Configuration,No Configuration)
2022-10-27 22:46:47,345 [INFO] CADModel:98 - CPN selected for project level
2022-10-27 22:46:47,361 [INFO] IPUIPlugin:79 - create IPUIPlugin
2022-10-27 22:46:47,361 [INFO] PluginManager:217 - loadIPPluginJar : add adc
2022-10-27 22:46:47,379 [INFO] IPUIPlugin:79 - create IPUIPlugin
2022-10-27 22:46:47,380 [INFO] PluginManager:217 - loadIPPluginJar : add aes
2022-10-27 22:46:47,385 [INFO] IPUIPlugin:79 - create IPUIPlugin
2022-10-27 22:46:47,385 [INFO] PluginManager:217 - loadIPPluginJar : add can
2022-10-27 22:46:47,388 [INFO] IPUIPlugin:79 - create IPUIPlugin
2022-10-27 22:46:47,388 [INFO] PluginManager:217 - loadIPPluginJar : add comp
2022-10-27 22:46:47,391 [INFO] IPUIPlugin:79 - create IPUIPlugin
2022-10-27 22:46:47,391 [INFO] PluginManager:217 - loadIPPluginJar : add cryp
2022-10-27 22:46:47,392 [INFO] IPUIPlugin:79 - create IPUIPlugin
2022-10-27 22:46:47,392 [INFO] PluginManager:217 - loadIPPluginJar : add dfsdm
2022-10-27 22:46:47,392 [INFO] IPUIPlugin:79 - create IPUIPlugin
2022-10-27 22:46:47,392 [INFO] PluginManager:217 - loadIPPluginJar : add dma
2022-10-27 22:46:47,392 [INFO] IPUIPlugin:79 - create IPUIPlugin
2022-10-27 22:46:47,392 [INFO] PluginManager:217 - loadIPPluginJar : add dma3
2022-10-27 22:46:47,408 [INFO] IPUIPlugin:79 - create IPUIPlugin
2022-10-27 22:46:47,408 [INFO] PluginManager:217 - loadIPPluginJar : add fatfs
2022-10-27 22:46:47,408 [INFO] IPUIPlugin:79 - create IPUIPlugin
2022-10-27 22:46:47,408 [INFO] PluginManager:217 - loadIPPluginJar : add fmc
2022-10-27 22:46:47,408 [INFO] IPUIPlugin:79 - create IPUIPlugin
2022-10-27 22:46:47,408 [INFO] PluginManager:217 - loadIPPluginJar : add freertos
2022-10-27 22:46:47,408 [INFO] IPUIPlugin:79 - create IPUIPlugin
2022-10-27 22:46:47,408 [INFO] PluginManager:217 - loadIPPluginJar : add genericplugin
2022-10-27 22:46:47,423 [INFO] IPUIPlugin:79 - create IPUIPlugin
2022-10-27 22:46:47,423 [INFO] PluginManager:217 - loadIPPluginJar : add gfxmmu
2022-10-27 22:46:47,423 [INFO] IPUIPlugin:79 - create IPUIPlugin
2022-10-27 22:46:47,423 [INFO] PluginManager:217 - loadIPPluginJar : add gic
2022-10-27 22:46:47,423 [INFO] IPUIPlugin:79 - create IPUIPlugin
2022-10-27 22:46:47,423 [INFO] PluginManager:217 - loadIPPluginJar : add gpio
2022-10-27 22:46:47,423 [INFO] IPUIPlugin:79 - create IPUIPlugin
2022-10-27 22:46:47,423 [INFO] PluginManager:217 - loadIPPluginJar : add gtzc
2022-10-27 22:46:47,439 [INFO] IPUIPlugin:79 - create IPUIPlugin
2022-10-27 22:46:47,439 [INFO] PluginManager:217 - loadIPPluginJar : add hash
2022-10-27 22:46:47,439 [INFO] IPUIPlugin:79 - create IPUIPlugin
2022-10-27 22:46:47,439 [INFO] PluginManager:217 - loadIPPluginJar : add i2c
2022-10-27 22:46:47,439 [INFO] IPUIPlugin:79 - create IPUIPlugin
2022-10-27 22:46:47,439 [INFO] PluginManager:217 - loadIPPluginJar : add i2s
2022-10-27 22:46:47,439 [INFO] IPUIPlugin:79 - create IPUIPlugin
2022-10-27 22:46:47,439 [INFO] PluginManager:217 - loadIPPluginJar : add ipddr
2022-10-27 22:46:47,455 [INFO] IPUIPlugin:79 - create IPUIPlugin
2022-10-27 22:46:47,455 [INFO] PluginManager:217 - loadIPPluginJar : add linkedlist
2022-10-27 22:46:47,455 [INFO] IPUIPlugin:79 - create IPUIPlugin
2022-10-27 22:46:47,455 [INFO] PluginManager:217 - loadIPPluginJar : add lorawan
2022-10-27 22:46:47,455 [INFO] IPUIPlugin:79 - create IPUIPlugin
2022-10-27 22:46:47,455 [INFO] PluginManager:217 - loadIPPluginJar : add ltdc
2022-10-27 22:46:47,470 [INFO] IPUIPlugin:79 - create IPUIPlugin
2022-10-27 22:46:47,470 [INFO] PluginManager:217 - loadIPPluginJar : add mdma
2022-10-27 22:46:47,470 [INFO] IPUIPlugin:79 - create IPUIPlugin
2022-10-27 22:46:47,470 [INFO] PluginManager:217 - loadIPPluginJar : add nvic
2022-10-27 22:46:47,479 [INFO] IPUIPlugin:79 - create IPUIPlugin
2022-10-27 22:46:47,479 [INFO] PluginManager:217 - loadIPPluginJar : add opamp
2022-10-27 22:46:47,479 [INFO] IPUIPlugin:79 - create IPUIPlugin
2022-10-27 22:46:47,479 [INFO] PluginManager:217 - loadIPPluginJar : add openamp
2022-10-27 22:46:47,486 [INFO] IPUIPlugin:79 - create IPUIPlugin
2022-10-27 22:46:47,486 [INFO] PluginManager:217 - loadIPPluginJar : add pdm2pcm
2022-10-27 22:46:47,486 [INFO] IPUIPlugin:79 - create IPUIPlugin
2022-10-27 22:46:47,486 [INFO] PluginManager:217 - loadIPPluginJar : add plateformsettings
2022-10-27 22:46:47,502 [INFO] IPUIPlugin:79 - create IPUIPlugin
2022-10-27 22:46:47,502 [INFO] PluginManager:217 - loadIPPluginJar : add quadspi
2022-10-27 22:46:47,502 [INFO] IPUIPlugin:79 - create IPUIPlugin
2022-10-27 22:46:47,502 [INFO] PluginManager:217 - loadIPPluginJar : add resmgrutility
2022-10-27 22:46:47,502 [INFO] IPUIPlugin:79 - create IPUIPlugin
2022-10-27 22:46:47,502 [INFO] PluginManager:217 - loadIPPluginJar : add sai
2022-10-27 22:46:47,502 [INFO] IPUIPlugin:79 - create IPUIPlugin
2022-10-27 22:46:47,502 [INFO] PluginManager:217 - loadIPPluginJar : add spi
2022-10-27 22:46:47,518 [INFO] IPUIPlugin:79 - create IPUIPlugin
2022-10-27 22:46:47,518 [INFO] PluginManager:217 - loadIPPluginJar : add stm32_wpan
2022-10-27 22:46:47,518 [INFO] IPUIPlugin:79 - create IPUIPlugin
2022-10-27 22:46:47,518 [INFO] PluginManager:217 - loadIPPluginJar : add tim
2022-10-27 22:46:47,518 [INFO] IPUIPlugin:79 - create IPUIPlugin
2022-10-27 22:46:47,518 [INFO] PluginManager:217 - loadIPPluginJar : add touchsensing
2022-10-27 22:46:47,518 [INFO] IPUIPlugin:79 - create IPUIPlugin
2022-10-27 22:46:47,518 [INFO] PluginManager:217 - loadIPPluginJar : add tracer_emb
2022-10-27 22:46:47,518 [INFO] IPUIPlugin:79 - create IPUIPlugin
2022-10-27 22:46:47,518 [INFO] PluginManager:217 - loadIPPluginJar : add ts
2022-10-27 22:46:47,518 [INFO] IPUIPlugin:79 - create IPUIPlugin
2022-10-27 22:46:47,518 [INFO] PluginManager:217 - loadIPPluginJar : add tsc
2022-10-27 22:46:47,533 [INFO] IPUIPlugin:79 - create IPUIPlugin
2022-10-27 22:46:47,533 [INFO] PluginManager:217 - loadIPPluginJar : add ucpd
2022-10-27 22:46:47,533 [INFO] IPUIPlugin:79 - create IPUIPlugin
2022-10-27 22:46:47,533 [INFO] PluginManager:217 - loadIPPluginJar : add usart
2022-10-27 22:46:47,533 [INFO] IPUIPlugin:79 - create IPUIPlugin
2022-10-27 22:46:47,533 [INFO] PluginManager:217 - loadIPPluginJar : add usbx
2022-10-27 22:46:47,879 [FATAL] Updater:301 - Updater called before beeing initialized
2022-10-27 22:46:48,016 [FATAL] Updater:301 - Updater called before beeing initialized
2022-10-27 22:46:48,031 [INFO] DbMcusAds:52 - JSON generation date=Thu Sep 30 07:56:37 BST 2021 (1632984997303)
2022-10-27 22:46:48,031 [FATAL] Updater:301 - Updater called before beeing initialized
2022-10-27 22:46:48,063 [WARN] DetailPanel:344 - Failed to get advertising image, set to default
2022-10-27 22:46:48,204 [FATAL] Updater:301 - Updater called before beeing initialized
2022-10-27 22:46:48,204 [FATAL] Updater:301 - Updater called before beeing initialized
2022-10-27 22:46:48,204 [FATAL] Updater:301 - Updater called before beeing initialized
2022-10-27 22:46:48,204 [WARN] DetailPanel:344 - Failed to get advertising image, set to default
2022-10-27 22:46:48,220 [FATAL] Updater:301 - Updater called before beeing initialized
2022-10-27 22:46:48,283 [ERROR] Updater:1105 - MainUpdater not yet initialized. External WinMGr cannot be set.
2022-10-27 22:46:48,283 [INFO] Updater:1041 - Updater Version found : 6.6.1
2022-10-27 22:46:48,299 [INFO] ApplicationProperties:181 - Using Application install path: C:\ST\STM32CubeIDE_1.10.1\STM32CubeIDE\plugins\com.st.stm32cube.common.mx_6.6.1.202207061420
2022-10-27 22:46:48,628 [INFO] MainUpdater:2768 - connection check result : 10
2022-10-27 22:46:48,628 [INFO] MainUpdater:280 - Updater Check For Update Now.
2022-10-27 22:46:48,628 [INFO] MicroXplorer:481 - Change Database Version : DB.6.0.60
2022-10-27 22:46:48,817 [INFO] CheckServerUpdateThread:119 - End of CheckServer Thread
2022-10-27 22:46:48,832 [INFO] MainUpdater:2768 - connection check result : 10
2022-10-27 22:46:49,088 [INFO] McuFinderGlobals:57 - Set McuFinderConnectedMode to true
2022-10-27 22:46:49,105 [INFO] MultiScanPanel:195 - Auto-refresh data requested => check proxy status ongoing
2022-10-27 22:46:49,108 [INFO] FinderPluginLoader:92 - Searching for filters in installed packs
2022-10-27 22:46:49,214 [INFO] ApiDb:576 - Connected to CubeFinder SQLite database (C:\Users\ViralPatel\.stmcufinder\plugins\mcufinder\mcu\cube-finder-db.db)
2022-10-27 22:46:49,245 [INFO] ApiDb:663 - CubeFinder database Data Model version=2.1
2022-10-27 22:46:49,245 [INFO] ApiDb:664 - CubeFinder database Configuration version=3.0.32
2022-10-27 22:46:49,245 [INFO] ApiDb:665 - CubeFinder database generation date=2022-08-05 (1659688109)
2022-10-27 22:46:49,245 [INFO] ApiDb:666 - CubeFinder database FW Pack versions=[STM32Cube_FW_C0_V1.0.0, STM32Cube_FW_F4_V1.27.1, STM32Cube_FW_F7_V1.17.0, STM32Cube_FW_G0_V1.6.1, STM32Cube_FW_G4_V1.5.0, STM32Cube_FW_H7_V1.10.0, STM32Cube_FW_L5_V1.4.0, STM32Cube_FW_U5_V1.1.1, STM32Cube_FW_WB_V1.14.1, STM32Cube_FW_WL_V1.2.0, X-CUBE-ALGOBUILD_V1.3.0, X-CUBE-ALS_V1.0.1, X-CUBE-AZRTOS-F4_V1.1.0, X-CUBE-AZRTOS-F7_V1.1.0, X-CUBE-AZRTOS-G0_V1.1.0, X-CUBE-AZRTOS-G4_V1.0.0, X-CUBE-AZRTOS-H7_V2.1.0, X-CUBE-AZRTOS-L4_V1.0.0, X-CUBE-AZRTOS-L5_V1.0.0, X-CUBE-AZRTOS-WL_V1.0.0, X-CUBE-BLE1_V6.2.3, X-CUBE-BLE2_V3.3.0, X-CUBE-EEPRMA1_V3.1.1, X-CUBE-GNSS1_V6.0.0, X-CUBE-MEMS1_V9.1.0, X-CUBE-MEMS1_V9.3.0, X-CUBE-NFC4_V2.0.4, X-CUBE-NFC7_V1.0.0, X-CUBE-SFXS2LP1_V4.0.0, X-CUBE-SUBG2_V5.0.0]
2022-10-27 22:46:49,920 [WARN] PackLoader:242 - Cannot read IP mode file for STMicroelectronics.X-CUBE-GNSS1.6.0.0
2022-10-27 22:46:49,967 [WARN] PackLoader:242 - Cannot read IP mode file for STMicroelectronics.X-CUBE-AZRTOS-F4.1.1.0
2022-10-27 22:46:49,984 [WARN] PackLoader:242 - Cannot read IP mode file for STMicroelectronics.X-CUBE-BLEMGR.1.2.0
2022-10-27 22:46:50,014 [WARN] PackLoader:242 - Cannot read IP mode file for STMicroelectronics.X-CUBE-AZRTOS-F7.1.1.0
2022-10-27 22:46:50,030 [WARN] PackLoader:242 - Cannot read IP mode file for STMicroelectronics.X-CUBE-BLE1.6.2.3
2022-10-27 22:46:50,045 [WARN] PackLoader:242 - Cannot read IP mode file for STMicroelectronics.X-CUBE-NFC4.2.0.4
2022-10-27 22:46:50,077 [WARN] PackLoader:242 - Cannot read IP mode file for STMicroelectronics.X-CUBE-TOF1.3.1.0
2022-10-27 22:46:50,093 [WARN] PackLoader:242 - Cannot read IP mode file for wolfSSL.I-CUBE-wolfSSL.5.5.0
2022-10-27 22:46:50,108 [WARN] PackLoader:242 - Cannot read IP mode file for STMicroelectronics.X-CUBE-NFC7.1.0.0
2022-10-27 22:46:50,218 [WARN] PackLoader:242 - Cannot read IP mode file for STMicroelectronics.X-CUBE-MEMS1.9.3.0
2022-10-27 22:46:50,422 [WARN] PackLoader:242 - Cannot read IP mode file for STMicroelectronics.X-CUBE-AI.7.2.0
2022-10-27 22:46:50,438 [WARN] PackLoader:242 - Cannot read IP mode file for STMicroelectronics.X-CUBE-SFXS2LP1.4.0.0
2022-10-27 22:46:50,438 [WARN] PackLoader:242 - Cannot read IP mode file for STMicroelectronics.X-CUBE-BLE2.3.3.0
2022-10-27 22:46:50,453 [WARN] PackLoader:242 - Cannot read IP mode file for STMicroelectronics.X-CUBE-DISPLAY.2.2.0
2022-10-27 22:46:50,469 [WARN] PackLoader:242 - Cannot read IP mode file for STMicroelectronics.X-CUBE-TOF1.3.2.0
2022-10-27 22:46:50,485 [WARN] PackLoader:242 - Cannot read IP mode file for STMicroelectronics.X-CUBE-ISPU.1.0.0
2022-10-27 22:46:50,485 [WARN] PackLoader:242 - Cannot read IP mode file for RoweBots.I-CUBE-UNISONRTOS.5.5.0-4
2022-10-27 22:46:50,516 [WARN] PackLoader:242 - Cannot read IP mode file for STMicroelectronics.X-CUBE-AZRTOS-H7.2.1.0
2022-10-27 22:46:50,516 [WARN] PackLoader:242 - Cannot read IP mode file for STMicroelectronics.X-CUBE-BLEMGR.1.0.0
2022-10-27 22:46:50,516 [WARN] PackLoader:242 - Cannot read IP mode file for STMicroelectronics.X-CUBE-AI.7.3.0
2022-10-27 22:46:50,532 [WARN] PackLoader:242 - Cannot read IP mode file for STMicroelectronics.X-CUBE-ALGOBUILD.1.3.0
2022-10-27 22:46:50,547 [WARN] PackLoader:242 - Cannot read IP mode file for STMicroelectronics.X-CUBE-AZRTOS-G0.1.1.0
2022-10-27 22:46:50,563 [WARN] PackLoader:242 - Cannot read IP mode file for STMicroelectronics.X-CUBE-SUBG2.5.0.0
2022-10-27 22:46:50,610 [WARN] PackLoader:242 - Cannot read IP mode file for SEGGER.I-CUBE-embOS.1.2.0
2022-10-27 22:46:50,642 [WARN] PackLoader:242 - Cannot read IP mode file for STMicroelectronics.FP-ATR-ASTRA1.1.1.1
2022-10-27 22:46:50,657 [WARN] PackLoader:242 - Cannot read IP mode file for STMicroelectronics.X-CUBE-AZRTOS-G4.1.0.0
2022-10-27 22:46:50,657 [WARN] PackLoader:242 - Cannot read IP mode file for STMicroelectronics.FP-ATR-SIGFOX1.3.2.0
2022-10-27 22:46:50,686 [WARN] PackLoader:242 - Cannot read IP mode file for STMicroelectronics.X-CUBE-AZRTOS-L4.1.0.0
2022-10-27 22:46:50,689 [WARN] PackLoader:242 - Cannot read IP mode file for emotas.I-CUBE-CANOPEN.1.1.2
2022-10-27 22:46:50,689 [WARN] PackLoader:242 - Cannot read IP mode file for STMicroelectronics.X-CUBE-TOUCHGFX.4.20.0
2022-10-27 22:46:50,704 [WARN] PackLoader:242 - Cannot read IP mode file for STMicroelectronics.X-CUBE-AZRTOS-WL.1.0.0
2022-10-27 22:46:50,720 [WARN] PackLoader:242 - Cannot read IP mode file for portGmbH.I-Cube-SoM-uGOAL.1.1.0
2022-10-27 22:46:50,720 [WARN] PackLoader:242 - Cannot read IP mode file for STMicroelectronics.X-CUBE-ALS.1.0.1
2022-10-27 22:46:50,736 [WARN] PackLoader:242 - Cannot read IP mode file for STMicroelectronics.X-CUBE-AZRTOS-L5.1.0.0
2022-10-27 22:46:50,751 [WARN] PackLoader:242 - Cannot read IP mode file for STMicroelectronics.X-CUBE-EEPRMA1.3.1.1
2022-10-27 22:46:50,751 [INFO] ThirdParty:929 - Integrity check success = true
2022-10-27 22:46:50,751 [INFO] IntegrityCheckThread:98 - exiting critical section [integrity check]
2022-10-27 22:46:50,751 [INFO] IntegrityCheckThread:101 - End integrity checks thread
2022-10-27 22:46:51,582 [INFO] ApiDb:239 - Found 138 in-development CPN: [B-WB1M-WPAN1, NUCLEO-C031C6, STEVAL-STWINBX1, STM320518-EVAL, STM32C0116-DK, STM32C011D6Y3TR, STM32C011D6Y6TR, STM32C011F4P3, STM32C011F4P6, STM32C011F4U3, STM32C011F4U6TR, STM32C011F6P3, STM32C011F6P6, STM32C011F6U3, STM32C011F6U6TR, STM32C011J4M3, STM32C011J4M6, STM32C011J6M3, STM32C011J6M6, STM32C0316-DK, STM32C031C4T3, STM32C031C4T6, STM32C031C4U3, STM32C031C4U6, STM32C031C6T3, STM32C031C6T6, STM32C031C6U3, STM32C031C6U6, STM32C031F4P3, STM32C031F4P6, STM32C031F6P3, STM32C031F6P6, STM32C031G4U3, STM32C031G4U6, STM32C031G6U3, STM32C031G6U6, STM32C031K4T3, STM32C031K4T6, STM32C031K4U3, STM32C031K4U6, STM32C031K6T3, STM32C031K6T6, STM32C031K6U3, STM32C031K6U6, STM32G071K8TXN, STM32G071K8UXN, STM32G081GBU6N, STM32G081KBT6N, STM32G081KBUXN, STM32G0B1CCT6N, STM32G0B1KCT6, STM32G0B1NEY6TR, STM32G0B1RCT6N, STM32G0C1CCT6, STM32G0C1CCT6N, STM32G0C1CCU6N, STM32G0C1CET6N, STM32G0C1CEU6N, STM32G0C1KCT6, STM32G0C1NEY6TR, STM32G0C1RCI6N, STM32G0C1RCT6N, STM32G0C1REI6N, STM32G0C1RET6N, STM32G0C1VCI6, STM32G0C1VEI6, STM32G471CCT6, STM32G471CCU6, STM32G471CET3, STM32G471CET6, STM32G471CEU3, STM32G471CEU6, STM32G471MCT6, STM32G471MET3, STM32G471MET6, STM32G471MEY6TR, STM32G471QCT6, STM32G471QET3, STM32G471RCT6, STM32G471RET3, STM32G471RET6, STM32G471VCH6, STM32G471VCI6, STM32G471VCT6, STM32G471VEH3, STM32G471VEH6, STM32G471VEI3, STM32G471VEI6, STM32G471VET3, STM32G471VET6, STM32G474CCT6, STM32L476VGY6PTR, STM32L4R5QGI6STR, STM32MP131AAE3, STM32MP131AAF3, STM32MP131AAG3, STM32MP131CAE3, STM32MP131CAF3, STM32MP131CAG3, STM32MP131DAE7, STM32MP131DAF7, STM32MP131DAG7, STM32MP131FAE7, STM32MP131FAF7, STM32MP131FAG7, STM32MP133AAE3, STM32MP133AAF3, STM32MP133AAG3, STM32MP133CAE3, STM32MP133CAF3, STM32MP133CAG3, STM32MP133DAE7, STM32MP133DAF7, STM32MP133DAG7, STM32MP133FAE7, STM32MP133FAF7, STM32MP133FAG7, STM32MP135AAE3, STM32MP135AAF3, STM32MP135AAG3, STM32MP135CAE3, STM32MP135CAF3, STM32MP135CAG3, STM32MP135DAE7, STM32MP135DAF7, STM32MP135DAG7, STM32MP135F-DK, STM32MP135FAE7, STM32MP135FAF7, STM32MP135FAG7, STM32U595ZJT6Q, STM32U599BJY6QTR, STM32U599NIH6Q, STM32U599NJH6Q, STM32U5A5ZJT6Q, STM32U5A9BJY6QTR, STM32U5A9NJH6Q, STM32WB1MMCH6]
2022-10-27 22:46:51,588 [INFO] DbMcus:215 - Found 3542 MCUs, 3542 are supported
2022-10-27 22:46:51,588 [INFO] ApiDb:418 - Load user favorites file C:\Users\ViralPatel/.stm32cubeide/favorites.mcus.txt: 0 item(s)
2022-10-27 22:46:51,588 [INFO] ApiDb:422 - User favorites MCUs=[]
2022-10-27 22:46:51,588 [INFO] DbMcus:221 - Set 0 / 0 favorites MCUs
2022-10-27 22:46:52,996 [INFO] LoadUrlFilesThread:177 - End of LoadServerUrlFiles without Thread
2022-10-27 22:46:53,011 [INFO] DetailPanel:339 - Set advertising image to C:/Users/ViralPatel/STM32Cube/Repository/\en.Prom_NBSTM32U50921.jpg
2022-10-27 22:46:53,733 [INFO] MultiScanPanel:778 - Auto Refresh Data is not needed
2022-10-27 22:46:53,733 [INFO] ApiDb:663 - CubeFinder database Data Model version=2.1
2022-10-27 22:46:53,733 [INFO] ApiDb:664 - CubeFinder database Configuration version=3.0.32
2022-10-27 22:46:53,733 [INFO] ApiDb:665 - CubeFinder database generation date=2022-08-05 (1659688109)
2022-10-27 22:46:53,733 [INFO] ApiDb:666 - CubeFinder database FW Pack versions=[STM32Cube_FW_C0_V1.0.0, STM32Cube_FW_F4_V1.27.1, STM32Cube_FW_F7_V1.17.0, STM32Cube_FW_G0_V1.6.1, STM32Cube_FW_G4_V1.5.0, STM32Cube_FW_H7_V1.10.0, STM32Cube_FW_L5_V1.4.0, STM32Cube_FW_U5_V1.1.1, STM32Cube_FW_WB_V1.14.1, STM32Cube_FW_WL_V1.2.0, X-CUBE-ALGOBUILD_V1.3.0, X-CUBE-ALS_V1.0.1, X-CUBE-AZRTOS-F4_V1.1.0, X-CUBE-AZRTOS-F7_V1.1.0, X-CUBE-AZRTOS-G0_V1.1.0, X-CUBE-AZRTOS-G4_V1.0.0, X-CUBE-AZRTOS-H7_V2.1.0, X-CUBE-AZRTOS-L4_V1.0.0, X-CUBE-AZRTOS-L5_V1.0.0, X-CUBE-AZRTOS-WL_V1.0.0, X-CUBE-BLE1_V6.2.3, X-CUBE-BLE2_V3.3.0, X-CUBE-EEPRMA1_V3.1.1, X-CUBE-GNSS1_V6.0.0, X-CUBE-MEMS1_V9.1.0, X-CUBE-MEMS1_V9.3.0, X-CUBE-NFC4_V2.0.4, X-CUBE-NFC7_V1.0.0, X-CUBE-SFXS2LP1_V4.0.0, X-CUBE-SUBG2_V5.0.0]
2022-10-27 22:46:53,812 [INFO] DbBoardsSqlite:227 - include board P-NUCLEO-WB55-NUCLEO as a kit item of type 'Nucleo-64'
2022-10-27 22:46:53,812 [INFO] DbBoardsSqlite:227 - include board P-NUCLEO-WB55-USBDONGLE as a kit item of type 'Nucleo USB Dongle'
2022-10-27 22:46:53,812 [INFO] DbBoardsSqlite:227 - include board STEVAL-IDP005V1 as a kit item of type 'Evaluation Board'
2022-10-27 22:46:53,812 [INFO] DbBoardsSqlite:227 - include board STEVAL-IDP005V2 as a kit item of type 'Evaluation Board'
2022-10-27 22:46:53,812 [INFO] ApiDb:239 - Found 138 in-development CPN: [B-WB1M-WPAN1, NUCLEO-C031C6, STEVAL-STWINBX1, STM320518-EVAL, STM32C0116-DK, STM32C011D6Y3TR, STM32C011D6Y6TR, STM32C011F4P3, STM32C011F4P6, STM32C011F4U3, STM32C011F4U6TR, STM32C011F6P3, STM32C011F6P6, STM32C011F6U3, STM32C011F6U6TR, STM32C011J4M3, STM32C011J4M6, STM32C011J6M3, STM32C011J6M6, STM32C0316-DK, STM32C031C4T3, STM32C031C4T6, STM32C031C4U3, STM32C031C4U6, STM32C031C6T3, STM32C031C6T6, STM32C031C6U3, STM32C031C6U6, STM32C031F4P3, STM32C031F4P6, STM32C031F6P3, STM32C031F6P6, STM32C031G4U3, STM32C031G4U6, STM32C031G6U3, STM32C031G6U6, STM32C031K4T3, STM32C031K4T6, STM32C031K4U3, STM32C031K4U6, STM32C031K6T3, STM32C031K6T6, STM32C031K6U3, STM32C031K6U6, STM32G071K8TXN, STM32G071K8UXN, STM32G081GBU6N, STM32G081KBT6N, STM32G081KBUXN, STM32G0B1CCT6N, STM32G0B1KCT6, STM32G0B1NEY6TR, STM32G0B1RCT6N, STM32G0C1CCT6, STM32G0C1CCT6N, STM32G0C1CCU6N, STM32G0C1CET6N, STM32G0C1CEU6N, STM32G0C1KCT6, STM32G0C1NEY6TR, STM32G0C1RCI6N, STM32G0C1RCT6N, STM32G0C1REI6N, STM32G0C1RET6N, STM32G0C1VCI6, STM32G0C1VEI6, STM32G471CCT6, STM32G471CCU6, STM32G471CET3, STM32G471CET6, STM32G471CEU3, STM32G471CEU6, STM32G471MCT6, STM32G471MET3, STM32G471MET6, STM32G471MEY6TR, STM32G471QCT6, STM32G471QET3, STM32G471RCT6, STM32G471RET3, STM32G471RET6, STM32G471VCH6, STM32G471VCI6, STM32G471VCT6, STM32G471VEH3, STM32G471VEH6, STM32G471VEI3, STM32G471VEI6, STM32G471VET3, STM32G471VET6, STM32G474CCT6, STM32L476VGY6PTR, STM32L4R5QGI6STR, STM32MP131AAE3, STM32MP131AAF3, STM32MP131AAG3, STM32MP131CAE3, STM32MP131CAF3, STM32MP131CAG3, STM32MP131DAE7, STM32MP131DAF7, STM32MP131DAG7, STM32MP131FAE7, STM32MP131FAF7, STM32MP131FAG7, STM32MP133AAE3, STM32MP133AAF3, STM32MP133AAG3, STM32MP133CAE3, STM32MP133CAF3, STM32MP133CAG3, STM32MP133DAE7, STM32MP133DAF7, STM32MP133DAG7, STM32MP133FAE7, STM32MP133FAF7, STM32MP133FAG7, STM32MP135AAE3, STM32MP135AAF3, STM32MP135AAG3, STM32MP135CAE3, STM32MP135CAF3, STM32MP135CAG3, STM32MP135DAE7, STM32MP135DAF7, STM32MP135DAG7, STM32MP135F-DK, STM32MP135FAE7, STM32MP135FAF7, STM32MP135FAG7, STM32U595ZJT6Q, STM32U599BJY6QTR, STM32U599NIH6Q, STM32U599NJH6Q, STM32U5A5ZJT6Q, STM32U5A9BJY6QTR, STM32U5A9NJH6Q, STM32WB1MMCH6]
2022-10-27 22:46:53,984 [INFO] BoardInfo:879 - No configuration file found for board P-NUCLEO-WB55
2022-10-27 22:46:53,984 [INFO] DbBoards:156 - Kit is not supported: P-NUCLEO-WB55
2022-10-27 22:46:53,993 [INFO] BoardInfo:879 - No configuration file found for board STEVAL-BFA001V1B
2022-10-27 22:46:53,993 [INFO] DbBoards:156 - Kit is not supported: STEVAL-BFA001V1B
2022-10-27 22:46:53,993 [INFO] BoardInfo:879 - No configuration file found for board STEVAL-BFA001V2B
2022-10-27 22:46:53,993 [INFO] DbBoards:156 - Kit is not supported: STEVAL-BFA001V2B
2022-10-27 22:46:54,220 [INFO] DbBoards:160 - Found 176 boards, 173 are supported
2022-10-27 22:46:54,220 [INFO] ApiDb:418 - Load user favorites file C:\Users\ViralPatel/.stm32cubeide/favorites.boards.txt: 0 item(s)
2022-10-27 22:46:54,220 [INFO] ApiDb:422 - User favorites Boards=[]
2022-10-27 22:46:54,220 [INFO] DbBoards:189 - Set 0 / 0 favorites Boards
2022-10-27 22:47:03,937 [ERROR] LogOutputStream:74 - [STDERR_REDIRECT] SLF4J: Failed to load class "org.slf4j.impl.StaticLoggerBinder".
2022-10-27 22:47:03,952 [ERROR] LogOutputStream:74 - [STDERR_REDIRECT] SLF4J: Defaulting to no-operation (NOP) logger implementation
2022-10-27 22:47:03,952 [ERROR] LogOutputStream:74 - [STDERR_REDIRECT] SLF4J: See http://www.slf4j.org/codes.html#StaticLoggerBinder for further details.
2022-10-27 22:49:24,206 [INFO] McuFinderGlobals:57 - Set McuFinderConnectedMode to true
2022-10-27 22:49:24,211 [INFO] ApiDb:443 - Save user favorites file C:\Users\ViralPatel/.stm32cubeide/favorites.mcus.txt: 0 item(s)
2022-10-27 22:49:24,211 [INFO] ApiDb:447 - User favorites MCUs=[]
2022-10-27 22:55:23,466 [INFO] LogOutputStream:76 - [STDOUT_REDIRECT] StartTraceHandler.execute(), success : Collect=true
